Drill report for /home/kivilahtio/work/emb-toveri/KiCad/authenticator/authenticator2.0.kicad_pcb
Created on ma  1. helmikuuta 2021 15.35.33

Copper Layer Stackup:
    =============================================================
    L1 :  F.Cu                      front
    L2 :  In1.Cu                    in1
    L3 :  In2.Cu                    in2
    L4 :  B.Cu                      back


Drill file 'authenticator2.0-PTH.drl' contains
    plated through holes:
    =============================================================
    T1  0,60mm  0,024"  (18 holes)
    T2  0,90mm  0,035"  (250 holes)
    T3  1,00mm  0,039"  (16 holes)
    T4  1,60mm  0,063"  (12 holes)

    Total plated holes count 296


Drill file 'authenticator2.0-NPTH.drl' contains
    unplated through holes:
    =============================================================
    T1  3,25mm  0,128"  (8 holes)

    Total unplated holes count 8
